<?xml version="1.0" encoding="UTF-8"?>
<!-- Generated by org.testng.reporters.JUnitReportReporter -->
<testsuite skipped="0" hostname="Lenovo" name="com.TestNG.ParallelTest_Concept" tests="3" failures="0" timestamp="2022-10-08T14:56:35 IST" time="0.683" errors="0">
  <testcase name="whatsapp" time="0.189" classname="com.TestNG.ParallelTest_Concept"/>
  <system-out/>
  <testcase name="facebook" time="0.180" classname="com.TestNG.ParallelTest_Concept"/>
  <system-out/>
  <testcase name="instagram" time="0.314" classname="com.TestNG.ParallelTest_Concept"/>
  <system-out/>
</testsuite> <!-- com.TestNG.ParallelTest_Concept -->
