<?xml version="1.0" encoding="UTF-8"?>
<!-- Generated by org.testng.reporters.JUnitReportReporter -->
<testsuite skipped="0" hostname="Lenovo" name="com.TestNG.GroupingConcept" tests="2" failures="0" timestamp="2022-08-23T12:09:24 IST" time="0.031" errors="0">
  <testcase name="beans" time="0.023" classname="com.TestNG.GroupingConcept"/>
  <system-out/>
  <testcase name="carrot" time="0.008" classname="com.TestNG.GroupingConcept"/>
  <system-out/>
</testsuite> <!-- com.TestNG.GroupingConcept -->
