<?xml version="1.0" encoding="UTF-8"?>
<!-- Generated by org.testng.reporters.JUnitReportReporter -->
<testsuite skipped="0" hostname="Lenovo" name="com.TestNG.Expected_Exception_Concept" tests="1" failures="0" timestamp="2022-08-23T12:20:08 IST" time="0.020" errors="0">
  <testcase name="expected_Exception_Demo" time="0.020" classname="com.TestNG.Expected_Exception_Concept"/>
  <system-out/>
</testsuite> <!-- com.TestNG.Expected_Exception_Concept -->
