<?xml version="1.0" encoding="UTF-8"?>
<!-- Generated by org.testng.reporters.JUnitReportReporter -->
<testsuite skipped="0" hostname="Lenovo" name="com.TestNG.TimeOut_Concept" tests="1" failures="0" timestamp="2022-08-23T12:05:23 IST" time="5.032" errors="0">
  <testcase name="login" time="5.032" classname="com.TestNG.TimeOut_Concept"/>
  <system-out/>
</testsuite> <!-- com.TestNG.TimeOut_Concept -->
