<?xml version="1.0" encoding="UTF-8"?>
<!-- Generated by org.testng.reporters.JUnitReportReporter -->
<testsuite skipped="0" hostname="Lenovo" name="com.TestNG.GroupOFGroup" tests="2" failures="0" timestamp="2022-08-23T12:08:16 IST" time="0.051" errors="0">
  <testcase name="dog" time="0.008" classname="com.TestNG.GroupOFGroup"/>
  <system-out/>
  <testcase name="cat" time="0.043" classname="com.TestNG.GroupOFGroup"/>
  <system-out/>
</testsuite> <!-- com.TestNG.GroupOFGroup -->
