<?xml version="1.0" encoding="UTF-8"?>
<!-- Generated by org.testng.reporters.JUnitReportReporter -->
<testsuite skipped="0" hostname="Lenovo" name="com.TestNG.Dependency_Concept" tests="2" failures="0" timestamp="2022-08-23T12:06:25 IST" time="0.037" errors="0">
  <testcase name="tenth" time="0.025" classname="com.TestNG.Dependency_Concept"/>
  <system-out/>
  <testcase name="twelth" time="0.012" classname="com.TestNG.Dependency_Concept"/>
  <system-out/>
</testsuite> <!-- com.TestNG.Dependency_Concept -->
