<?xml version="1.0" encoding="UTF-8"?>
<!-- Generated by org.testng.reporters.JUnitReportReporter -->
<testsuite skipped="0" hostname="Lenovo" name="com.TestNG.NewClassCheckingForParameterized" tests="1" failures="0" timestamp="2022-08-24T10:44:42 IST" time="30.423" errors="0">
  <testcase name="broswer" time="30.423" classname="com.TestNG.NewClassCheckingForParameterized"/>
  <system-out/>
</testsuite> <!-- com.TestNG.NewClassCheckingForParameterized -->
