<?xml version="1.0" encoding="UTF-8"?>
<!-- Generated by org.testng.reporters.JUnitReportReporter -->
<testsuite skipped="1" hostname="Lenovo" name="com.TestNG.Ignore_Concept" tests="6" failures="0" timestamp="2022-08-23T22:56:57 IST" time="0.115" errors="0">
  <testcase name="mango" time="0.009" classname="com.TestNG.Ignore_Concept"/>
  <system-out/>
  <testcase name="dog" time="0.072" classname="com.TestNG.Ignore_Concept"/>
  <system-out/>
  <testcase name="carrot" time="0.005" classname="com.TestNG.Ignore_Concept"/>
  <system-out/>
  <testcase name="apple" time="0.019" classname="com.TestNG.Ignore_Concept"/>
  <system-out/>
  <testcase name="cat" time="0.010" classname="com.TestNG.Ignore_Concept"/>
  <system-out/>
  <testcase name="beans" classname="com.TestNG.Ignore_Concept">
    <skipped/>
  </testcase> <!-- beans -->
  <system-out/>
</testsuite> <!-- com.TestNG.Ignore_Concept -->
