<?xml version="1.0" encoding="UTF-8"?>
<!-- Generated by org.testng.reporters.JUnitReportReporter -->
<testsuite skipped="0" hostname="Lenovo" name="com.TestNG.Hard_Assert_Concept" tests="1" failures="0" timestamp="2022-08-23T23:00:26 IST" time="0.022" errors="0">
  <testcase name="hardAssert_Demo" time="0.022" classname="com.TestNG.Hard_Assert_Concept"/>
  <system-out/>
</testsuite> <!-- com.TestNG.Hard_Assert_Concept -->
