<?xml version="1.0" encoding="UTF-8"?>
<!-- Generated by org.testng.reporters.JUnitReportReporter -->
<testsuite skipped="0" hostname="Lenovo" name="com.TestNG.SImple_Annotations" tests="5" failures="0" timestamp="2022-08-20T19:47:45 IST" time="0.104" errors="0">
  <testcase name="women" time="0.042" classname="com.TestNG.SImple_Annotations"/>
  <system-out/>
  <testcase name="kids" time="0.026" classname="com.TestNG.SImple_Annotations"/>
  <system-out/>
  <testcase name="kids" time="0.008" classname="com.TestNG.SImple_Annotations"/>
  <system-out/>
  <testcase name="kids" time="0.011" classname="com.TestNG.SImple_Annotations"/>
  <system-out/>
  <testcase name="men" time="0.017" classname="com.TestNG.SImple_Annotations"/>
  <system-out/>
</testsuite> <!-- com.TestNG.SImple_Annotations -->
