<?xml version="1.0" encoding="UTF-8"?>
<!-- Generated by org.testng.reporters.JUnitReportReporter -->
<testsuite skipped="0" hostname="Lenovo" name="com.TestNG.Parameterized_Concept" tests="1" failures="0" timestamp="2022-08-24T10:44:43 IST" time="0.030" errors="0">
  <testcase name="credentials" time="0.030" classname="com.TestNG.Parameterized_Concept"/>
  <system-out/>
</testsuite> <!-- com.TestNG.Parameterized_Concept -->
