<?xml version="1.0" encoding="UTF-8"?>
<!-- Generated by org.testng.reporters.JUnitReportReporter -->
<testsuite skipped="0" hostname="Lenovo" name="com.TestNG.DataProvider_concept" tests="3" failures="0" timestamp="2022-08-23T22:59:47 IST" time="0.027" errors="0">
  <testcase name="credentials" time="0.014" classname="com.TestNG.DataProvider_concept"/>
  <system-out/>
  <testcase name="credentials" time="0.008" classname="com.TestNG.DataProvider_concept"/>
  <system-out/>
  <testcase name="credentials" time="0.005" classname="com.TestNG.DataProvider_concept"/>
  <system-out/>
</testsuite> <!-- com.TestNG.DataProvider_concept -->
